Arguments: 
  /Users/allison/.nvm/versions/node/v8.9.4/bin/node /Users/allison/.yarn/bin/yarn.js start

PATH: 
  /Users/allison/.rvm/gems/ruby-2.4.2/bin:/Users/allison/.rvm/gems/ruby-2.4.2@global/bin:/Users/allison/.rvm/rubies/ruby-2.4.2/bin:/Users/allison/.nvm/versions/node/v8.9.4/bin:/Users/allison/.yarn/bin:/Users/allison/arc/arcanist/bin:/Users/allison/.rbenv/shims:/Applications/Postgres.app/Contents/Versions/9.6/bin:/usr/local/bin:/usr/bin:/bin:/usr/sbin:/sbin:/Users/allison/.rvm/bin

Yarn version: 
  1.5.1

Node version: 
  8.9.4

Platform: 
  darwin x64

npm manifest: 
  No manifest

yarn manifest: 
  No manifest

Lockfile: 
  No lockfile

Trace: 
  Error: Couldn't find a package.json file in "/Users/allison/Desktop/dev/assignments/projects"
      at new MessageError (/Users/allison/.yarn/lib/cli.js:186:110)
      at /Users/allison/.yarn/lib/cli.js:40048:15
      at Generator.next (<anonymous>)
      at step (/Users/allison/.yarn/lib/cli.js:98:30)
      at /Users/allison/.yarn/lib/cli.js:109:13
      at <anonymous>
